<?xml version="1.0" encoding="UTF-8"?>
<!-- Generated by org.testng.reporters.JUnitReportReporter -->
<testsuite skipped="0" hostname="DESKTOP-N60QB27" name="Apis.PostRequestAutomation" tests="1" failures="0" timestamp="2022-09-24T01:23:36 IST" time="2.163" errors="0">
  <testcase name="postAPI" time="2.163" classname="Apis.PostRequestAutomation"/>
  <system-out/>
</testsuite> <!-- Apis.PostRequestAutomation -->
