<?xml version="1.0" encoding="UTF-8"?>
<!-- Generated by org.testng.reporters.JUnitReportReporter -->
<testsuite skipped="0" hostname="DESKTOP-N60QB27" name="Apis.Test1" tests="1" failures="0" timestamp="2022-09-24T00:16:03 IST" time="2.886" errors="0">
  <testcase name="testStatusCode" time="2.886" classname="Apis.Test1"/>
  <system-out/>
</testsuite> <!-- Apis.Test1 -->
