<?xml version="1.0" encoding="UTF-8"?>
<!-- Generated by org.testng.reporters.JUnitReportReporter -->
<testsuite skipped="0" hostname="DESKTOP-N60QB27" name="baseTest.BaseTest" tests="1" failures="0" timestamp="2022-09-24T02:03:22 IST" time="0.009" errors="0">
  <testcase name="utilsTest" time="0.009" classname="baseTest.BaseTest"/>
  <system-out/>
</testsuite> <!-- baseTest.BaseTest -->
