<?xml version="1.0" encoding="UTF-8"?>
<!-- Generated by org.testng.reporters.JUnitReportReporter -->
<testsuite skipped="0" hostname="DESKTOP-N60QB27" name="studentApiTest.GetAPITest" tests="1" failures="0" timestamp="2022-09-24T02:25:00 IST" time="2.590" errors="0">
  <testcase name="getAPITest" time="2.590" classname="studentApiTest.GetAPITest"/>
  <system-out/>
</testsuite> <!-- studentApiTest.GetAPITest -->
